
SQL*Loader: Release 19.0.0.0.0 - Production on Sun Oct 4 00:12:25 2020
Version 19.3.0.0.0

Copyright (c) 1982, 2019, Oracle and/or its affiliates.  All rights reserved.

Control File:   rudas-info.ctl
Data File:      rudas-info.dat
  Bad File:     rudas-info.bad
  Discard File:  none specified
 
 (Allow all discards)

Number to load: ALL
Number to skip: 0
Errors allowed: 50
Continuation:    none specified
Path used:      Direct

Table RUDAS_VIETA_INFO, loaded from every logical record.
Insert option in effect for this table: INSERT

   Column Name                  Position   Len  Term Encl Datatype
------------------------------ ---------- ----- ---- ---- ---------------------
INFO_ID                             FIRST     *   ,  O(") CHARACTER            
RUDAS_VIETA_ID                       NEXT     *   ,  O(") CHARACTER            
NOSAUKUMS                            NEXT     *   ,  O(") CHARACTER            
TIPS                                 NEXT     *   ,  O(") CHARACTER            
PAPILDINFORMACIJA                    NEXT     *   ,  O(") CHARACTER            
GEO_SLANIS_INFO_ID                   NEXT     *   ,  O(") CHARACTER            

The following index(es) on table RUDAS_VIETA_INFO were processed:
index ADMIN.CONSTRAINT_RUDAS_VIETA_INFO loaded successfully with 12 keys
index ADMIN.SYS_C007479 loaded successfully with 12 keys

Table RUDAS_VIETA_INFO:
  12 Rows successfully loaded.
  0 Rows not loaded due to data errors.
  0 Rows not loaded because all WHEN clauses were failed.
  0 Rows not loaded because all fields were null.

Bind array size not used in direct path.
Column array  rows :    5000
Stream buffer bytes:  256000
Read   buffer bytes: 1048576

Total logical records skipped:          0
Total logical records read:            12
Total logical records rejected:         0
Total logical records discarded:        0
Total stream buffers loaded by SQL*Loader main thread:        2
Total stream buffers loaded by SQL*Loader load thread:        0

Run began on Sun Oct 04 00:12:25 2020
Run ended on Sun Oct 04 00:12:28 2020

Elapsed time was:     00:00:03.29
CPU time was:         00:00:00.06
